 自动清空  res   文件夹 
勿关闭窗口  输出信息已转入  data.txt
运行完毕会自动关闭
../res/Homme/Prêt-à-Porter/T-Shirts&Polos part capturing
https://www.givenchy.com/fr/fr/t-shirt-en-coton-avec-imprime-baroque/BM71M73YNZ-025.html capturing---
https://www.givenchy.com/fr/fr/t-shirt-en-coton-avec-imprime-baroque/BM71JA3YNZ-025.html capturing---
https://www.givenchy.com/fr/fr/t-shirt-en-coton-a-signature-givenchy/BM71JA3YP1-001.html capturing---
https://www.givenchy.com/fr/fr/t-shirt-en-coton-a-broderie-chandelier-et-perles/BM71JA3YP6-001.html capturing---
https://www.givenchy.com/fr/fr/t-shirt-en-coton-avec-gros-grain-givenchy/BM71JA3YP3-100.html capturing---
https://www.givenchy.com/fr/fr/t-shirt-en-coton-avec-gros-grain-givenchy/BM71JA3YP3-401.html capturing---
https://www.givenchy.com/fr/fr/t-shirt-en-coton-a-detail-4g/BM71JA3YMX-450.html capturing---
https://www.givenchy.com/fr/fr/t-shirt-slim-en-coton-a-detail-4g/BM716G3YCD-490.html capturing---
https://www.givenchy.com/fr/fr/t-shirt-en-coton-a-detail-4g/BM71JA3YMX-105.html capturing---
https://www.givenchy.com/fr/fr/t-shirt-slim-en-coton-a-detail-4g/BM716G3YCD-001.html capturing---
https://www.givenchy.com/fr/fr/t-shirt-givenchy-reverse-en-coton-avec-imprime-tarot/BM71JA3YN0-209.html capturing---
https://www.givenchy.com/fr/fr/t-shirt-givenchy-reverse-en-coton-avec-imprime-tarot/BM71JA3YN0-105.html capturing---
https://www.givenchy.com/fr/fr/t-shirt-en-coton-avec-imprime-4g-braid/BM71JA3YNR-001.html capturing---
https://www.givenchy.com/fr/fr/t-shirt-en-coton-avec-broderie-baroque/BM71JAG1WX-267.html capturing---
https://www.givenchy.com/fr/fr/t-shirt-en-coton-givenchy-wings/BM71JA3YN1-305.html capturing---
https://www.givenchy.com/fr/fr/t-shirt-en-coton-givenchy-wings/BM71JA3YN1-100.html capturing---
https://www.givenchy.com/fr/fr/t-shirt-ample-en-coton-givenchy-tarot/BM71JB3YN0-656.html capturing---
https://www.givenchy.com/fr/fr/t-shirt-slim-en-coton-a-detail-4g/BM716G3YCD-656.html capturing---
https://www.givenchy.com/fr/fr/t-shirt-en-coton-a-detail-floral/BM712H3YN5-105.html capturing---
https://www.givenchy.com/fr/fr/t-shirt-en-soie-imprime-floral/BM71L53YN5-091.html capturing---
https://www.givenchy.com/fr/fr/polo-en-coton-a-detail-floral/BM71KR3YN5-331.html capturing---
https://www.givenchy.com/fr/fr/t-shirt-en-coton-a-detail-4g/BM71JA3YMX-331.html capturing---
https://www.givenchy.com/fr/fr/t-shirt-en-coton-eponge-4g/BM71JA3YF0-105.html capturing---
https://www.givenchy.com/fr/fr/t-shirt-en-coton-eponge-4g/BM71JA3YF0-450.html capturing---
https://www.givenchy.com/fr/fr/t-shirt-slim-en-coton/BM716G3YP9-005.html capturing---
https://www.givenchy.com/fr/fr/t-shirt-slim-en-coton/BM716G3YP9-008.html capturing---
https://www.givenchy.com/fr/fr/t-shirt-slim-en-coton/BM716G3YP9-132.html capturing---
https://www.givenchy.com/fr/fr/t-shirt-slim-en-coton/BM716G3YP9-173.html capturing---
https://www.givenchy.com/fr/fr/t-shirt-en-coton-givenchy-aqua-stars/BM71JA3YMY-450.html capturing---
https://www.givenchy.com/fr/fr/t-shirt-brode-en-coton/BM712H3YN0-105.html capturing---
https://www.givenchy.com/fr/fr/t-shirt-en-coton-givenchy-sun-stars/BM712H3YMY-495.html capturing---
https://www.givenchy.com/fr/fr/t-shirt-en-coton-givenchy-wings/BM71JA3YN1-001.html capturing---
https://www.givenchy.com/fr/fr/t-shirt-slim-en-coton-a-detail-4g/BM716G3YCD-100.html capturing---
https://www.givenchy.com/fr/fr/t-shirt-en-coton-avec-imprime-givenchy-lemons/BM71JA3YN6-100.html capturing---
https://www.givenchy.com/fr/fr/polo-en-coton-a-detail-4g/BM71KR3YMX-450.html capturing---
https://www.givenchy.com/fr/fr/polo-en-coton-et-soie-a-detail-4g/BM71L74YJM-403.html capturing---
https://www.givenchy.com/fr/fr/polo-en-coton-mercerise-a-detail-4g/BM71KR3165-250.html capturing---
https://www.givenchy.com/fr/fr/polo-en-coton-a-detail-4g/BM71KR3YCD-291.html capturing---
https://www.givenchy.com/fr/fr/polo-en-coton/BM71H13YE1-100.html capturing---
https://www.givenchy.com/fr/fr/polo-en-coton-et-soie-a-detail-4g/BM71L74YJM-105.html capturing---
https://www.givenchy.com/fr/fr/polo-en-coton-mercerise-a-detail-4g/BM71KR3165-410.html capturing---
https://www.givenchy.com/fr/fr/polo-en-crochet/BM71L14YJE-105.html capturing---
https://www.givenchy.com/fr/fr/t-shirt-slim-givenchy-archetype-en-coton/BM71653Y6B-100.html capturing---
https://www.givenchy.com/fr/fr/t-shirt-oversize-givenchy-reverse-en-coton/BM71533Y6B-001.html capturing---
https://www.givenchy.com/fr/fr/t-shirt-slim-givenchy-1952-en-coton/BM716G3YM8-100.html capturing---
https://www.givenchy.com/fr/fr/t-shirt-en-coton-avec-imprime-givenchy-flamingo/BM71JA3YM2-450.html capturing---
https://www.givenchy.com/fr/fr/t-shirt-slim-4g-stars-en-coton/BM716G3YEL-001.html capturing---
https://www.givenchy.com/fr/fr/t-shirt-4g-en-coton/BM712H3YMV-420.html capturing---
https://www.givenchy.com/fr/fr/t-shirt-4g-en-coton/BM712H3YMW-055.html capturing---
https://www.givenchy.com/fr/fr/t-shirt-4g-en-coton/BM712H3YMV-001.html capturing---
https://www.givenchy.com/fr/fr/t-shirt-en-coton-oversize-givenchy-psychedelic/BM716N3YLW-001.html capturing---
https://www.givenchy.com/fr/fr/t-shirt-slim-givenchy-archetype-en-coton/BM71653Y6B-341.html capturing---
https://www.givenchy.com/fr/fr/t-shirt-slim-givenchy-reverse-en-coton/BM71653Y6B-001.html capturing---
https://www.givenchy.com/fr/fr/t-shirt-slim-givenchy-1952-en-coton/BM716G3YM8-001.html capturing---
https://www.givenchy.com/fr/fr/t-shirt-slim-givenchy-1952-en-coton/BM716G3YM8-305.html capturing---
https://www.givenchy.com/fr/fr/t-shirt-slim-givenchy-1952-en-coton/BM716G3YM8-453.html capturing---
https://www.givenchy.com/fr/fr/t-shirt-slim-en-coton-a-detail-4g/BM716G3YCD-410.html capturing---
https://www.givenchy.com/fr/fr/t-shirt-en-coton-mercerise-a-detail-4g/BM71JA3165-450.html capturing---
https://www.givenchy.com/fr/fr/t-shirt-oversize-givenchy-reverse-en-coton/BM71533Y6B-100.html capturing---
https://www.givenchy.com/fr/fr/t-shirt-slim-givenchy-archetype-en-coton/BM71653Y6B-736.html capturing---
https://www.givenchy.com/fr/fr/t-shirt-en-coton-mercerise-a-detail-4g/BM71JA3165-001.html capturing---
https://www.givenchy.com/fr/fr/t-shirt-slim-en-coton-avec-broderie-4g/BM716G3YCC-001.html capturing---
https://www.givenchy.com/fr/fr/t-shirt-ample-4g-stars-en-coton/BM71JB3YLZ-001.html capturing---
https://www.givenchy.com/fr/fr/t-shirt-ample-4g-stars-en-coton/BM71JB3YLZ-129.html capturing---
https://www.givenchy.com/fr/fr/t-shirt-givenchy-en-coton-a-effet-superpose/BM71G53YAM-001.html capturing---
https://www.givenchy.com/fr/fr/t-shirt-en-coton-mercerise-a-detail-4g/BM71JA3165-100.html capturing---
https://www.givenchy.com/fr/fr/t-shirt-slim-givenchy-1952-en-coton/BM716G3YM8-661.html capturing---
https://www.givenchy.com/fr/fr/t-shirt-en-coton-avec-imprime-givenchy-flamingo/BM71JA3YM1-661.html capturing---
https://www.givenchy.com/fr/fr/debardeur-extra-slim-en-coton/BM71KY3YLE-001.html capturing---
https://www.givenchy.com/fr/fr/debardeur-extra-slim-en-coton/BM71KY3YLE-100.html capturing---
https://www.givenchy.com/fr/fr/t-shirt-givenchy-crest-en-coton/BM71JA3YM9-001.html capturing---
https://www.givenchy.com/fr/fr/t-shirt-givenchy-crest-en-coton/BM71JA3YM9-100.html capturing---
https://www.givenchy.com/fr/fr/t-shirt-oversize-givenchy-crest-en-coton/BM716N3YM7-311.html capturing---
https://www.givenchy.com/fr/fr/t-shirt-givenchy-crest-en-coton/BM71JA3YL6-055.html capturing---
https://www.givenchy.com/fr/fr/t-shirt-givenchy-crest-en-coton/BM71J83YL0-001.html capturing---
https://www.givenchy.com/fr/fr/t-shirt-givenchy-crest-en-coton/BM71J83YL0-100.html capturing---
https://www.givenchy.com/fr/fr/polo-givenchy-crest-en-coton/BM71KX3YL0-001.html capturing---
https://www.givenchy.com/fr/fr/polo-givenchy-crest-en-coton/BM71KX3YL0-100.html capturing---
https://www.givenchy.com/fr/fr/t-shirt-slim-en-coton-a-detail-4g/BM716G3YCD-129.html capturing---
https://www.givenchy.com/fr/fr/t-shirt-ample-en-coton/BM71JB3YFY-101.html capturing---
https://www.givenchy.com/fr/fr/t-shirt-large-en-coton-avec-details-oeillets/BM71KL3YLR-100.html capturing---
https://www.givenchy.com/fr/fr/polo-en-coton-a-detail-4g/BM71KR3YCD-001.html capturing---
https://www.givenchy.com/fr/fr/t-shirt-slim-givenchy-4g-en-coton/BM716B3Y6B-001.html capturing---
https://www.givenchy.com/fr/fr/t-shirt-oversize-givenchy-4g-en-coton/BM71543Y6B-001.html capturing---
https://www.givenchy.com/fr/fr/t-shirt-slim-en-coton-avec-broderie-4g/BM716G3YCC-100.html capturing---
https://www.givenchy.com/fr/fr/t-shirt-ample-givenchy-en-coton/BM71JB3YL7-001.html capturing---
https://www.givenchy.com/fr/fr/t-shirt-givenchy-shadow-en-coton/BM71JA3YL1-001.html capturing---
https://www.givenchy.com/fr/fr/t-shirt-large-en-coton/BM71KL3YKS-055.html capturing---
https://www.givenchy.com/fr/fr/polo-givenchy-1952-en-molleton/BMJ0M53YKU-105.html capturing---
../res/Homme/Prêt-à-Porter/T-Shirts&Polos/Homme_Prêt-à-Porter_T-Shirts&Polos_givenchy.xlsx saved successfully
../res/Homme/Prêt-à-Porter/Chemises part capturing
https://www.givenchy.com/fr/fr/chemise-en-popeline-avec-gros-grain-givenchy/BM612B1YH6-001.html capturing---
https://www.givenchy.com/fr/fr/chemise-en-popeline-avec-imprime-baroque/BM612B1YH5-100.html capturing---
https://www.givenchy.com/fr/fr/chemise-zippee-en-molleton/BM610G3YMC-026.html capturing---
https://www.givenchy.com/fr/fr/chemise-slim-en-denim/BM61205YB6-426.html capturing---
https://www.givenchy.com/fr/fr/chemise-ample-en-coton-gaufre-imprime-floral/BM611015N2-185.html capturing---
https://www.givenchy.com/fr/fr/chemise-en-coton-gaufre/BM60ZZ15MN-100.html capturing---
https://www.givenchy.com/fr/fr/chemise-imprimee-chandelier-en-soie/BM612415S4-182.html capturing---
https://www.givenchy.com/fr/fr/chemise-imprimee-chandelier-en-soie/BM611015S4-182.html capturing---
https://www.givenchy.com/fr/fr/chemise-ample-imprimee-en-soie/BM611015N0-960.html capturing---
https://www.givenchy.com/fr/fr/chemise-ample-en-jacquard-floral/BM611015LL-001.html capturing---
https://www.givenchy.com/fr/fr/chemise-en-soie/BM612415PT-401.html capturing---
https://www.givenchy.com/fr/fr/chemise-en-jacquard-floral/BM611B15LR-410.html capturing---
https://www.givenchy.com/fr/fr/chemise-en-lin-a-rayures-4g/BM610X15Q4-475.html capturing---
https://www.givenchy.com/fr/fr/chemise-en-coton-gaufre-imprime-citron/BM610Z15MW-111.html capturing---
https://www.givenchy.com/fr/fr/chemise-en-soie-imprime-citron/BM611015MX-969.html capturing---
https://www.givenchy.com/fr/fr/chemise-ample-en-coton-eponge-a-rayures/BM61163162-118.html capturing---
https://www.givenchy.com/fr/fr/chemise-en-popeline/BM60WX14M6-453.html capturing---
https://www.givenchy.com/fr/fr/chemise-en-lin/BM610X15M4-100.html capturing---
